app/build/outputs/logs/manifest-merger-debug-report.txt
-- Merging decision tree log ---
manifest
ADDED from src\main\AndroidManifest.xml:2:1-106:12
	package
		ADDED from src\main\AndroidManifest.xml:3:5-42
		INJECTED from src\main\AndroidManifest.xml
		INJECTED from src\main\AndroidManifest.xml
	android:versionName
		INJECTED from src\main\AndroidManifest.xml
		INJECTED from src\main\AndroidManifest.xml
	xmlns:android
		ADDED from src\main\AndroidManifest.xml:2:11-69
	android:versionCode
		INJECTED from src\main\AndroidManifest.xml
		INJECTED from src\main\AndroidManifest.xml
uses-permission#android.permission.GET_ACCOUNTS
ADDED from src\main\AndroidManifest.xml:6:5-71
	android:name
		ADDED from src\main\AndroidManifest.xml:6:22-68
uses-permission#android.permission.READ_PROFILE
ADDED from src\main\AndroidManifest.xml:7:5-71
	android:name
		ADDED from src\main\AndroidManifest.xml:7:22-68
uses-permission#android.permission.READ_CONTACTS
ADDED from src\main\AndroidManifest.xml:8:5-72
	android:name
		ADDED from src\main\AndroidManifest.xml:8:22-69
uses-permission#android.permission.INTERNET
ADDED from src\main\AndroidManifest.xml:9:5-67
	android:name
		ADDED from src\main\AndroidManifest.xml:9:22-64
uses-permission#android.permission.ACCESS_NETWORK_
ADDED from src\main\AndroidManifest.xml:10:5-74
	android:name
		ADDED from src\main\AndroidManifest.xml:10:22-71
application
ADDED from src\main\AndroidManifest.xml:12:5-104:19
MERGED from [com.android.support:appcompat-v7:23.1.1] AndroidManifest.xml:22:5-20
MERGED from [com.android.support:support-v4:23.1.1] AndroidManifest.xml:22:5-20
MERGED from [com.android.support:design:23.1.1] AndroidManifest.xml:22:5-20
MERGED from [com.android.support:appcompat-v7:23.1.1] AndroidManifest.xml:22:5-20
MERGED from [com.android.support:support-v4:23.1.1] AndroidManifest.xml:22:5-20
MERGED from [com.android.support:support-v4:23.1.1] AndroidManifest.xml:22:5-20
MERGED from [com.android.support:support-v4:23.1.1] AndroidManifest.xml:22:5-20
MERGED from [com.google.android.gms:play-services-appindexing:8.1.0] AndroidManifest.xml:19:5-20
MERGED from [com.google.android.gms:play-services-basement:8.1.0] AndroidManifest.xml:20:5-24:19
MERGED from [com.android.support:support-v4:23.1.1] AndroidManifest.xml:22:5-20
	android:label
		ADDED from src\main\AndroidManifest.xml:15:9-41
	android:supportsRtl
		ADDED from src\main\AndroidManifest.xml:16:9-35
	android:allowBackup
		ADDED from src\main\AndroidManifest.xml:13:9-35
	android:icon
		ADDED from src\main\AndroidManifest.xml:14:9-36
	android:theme
		ADDED from src\main\AndroidManifest.xml:17:9-40
activity#br.com.diaristaslimpo.limpo.activity.LoginActivity
ADDED from src\main\AndroidManifest.xml:18:9-28:20
	android:screenOrientation
		ADDED from src\main\AndroidManifest.xml:21:13-49
	android:theme
		ADDED from src\main\AndroidManifest.xml:20:13-42
	android:name
		ADDED from src\main\AndroidManifest.xml:19:13-51
intent-filter#android.intent.action.MAIN+android.intent.category.LAUNCHER
ADDED from src\main\AndroidManifest.xml:23:13-27:29
action#android.intent.action.MAIN
ADDED from src\main\AndroidManifest.xml:24:17-69
	android:name
		ADDED from src\main\AndroidManifest.xml:24:25-66
category#android.intent.category.LAUNCHER
ADDED from src\main\AndroidManifest.xml:26:17-77
	android:name
		ADDED from src\main\AndroidManifest.xml:26:27-74
activity#br.com.diaristaslimpo.limpo.activity.EnderecoActivity
ADDED from src\main\AndroidManifest.xml:29:9-32:15
	android:screenOrientation
		ADDED from src\main\AndroidManifest.xml:31:13-49
	android:label
		ADDED from src\main\AndroidManifest.xml:30:13-41
	android:name
		ADDED from src\main\AndroidManifest.xml:29:19-60
activity#br.com.diaristaslimpo.limpo.activity.SelecionarServicoActivity
ADDED from src\main\AndroidManifest.xml:33:9-36:15
	android:screenOrientation
		ADDED from src\main\AndroidManifest.xml:35:13-49
	android:label
		ADDED from src\main\AndroidManifest.xml:34:13-46
	android:name
		ADDED from src\main\AndroidManifest.xml:33:19-69
activity#br.com.diaristaslimpo.limpo.activity.DataServicoActivity
ADDED from src\main\AndroidManifest.xml:37:9-40:15
	android:screenOrientation
		ADDED from src\main\AndroidManifest.xml:39:13-49
	android:label
		ADDED from src\main\AndroidManifest.xml:38:13-29
	android:name
		ADDED from src\main\AndroidManifest.xml:37:19-63
activity#br.com.diaristaslimpo.limpo.activity.MinhasSolicitacoesActivity
ADDED from src\main\AndroidManifest.xml:41:9-44:15
	android:screenOrientation
		ADDED from src\main\AndroidManifest.xml:43:13-49
	android:label
		ADDED from src\main\AndroidManifest.xml:42:13-62
	android:name
		ADDED from src\main\AndroidManifest.xml:41:19-70
activity#br.com.diaristaslimpo.limpo.activity.DetalheSolicitacaoActivity
ADDED from src\main\AndroidManifest.xml:45:9-48:15
	android:screenOrientation
		ADDED from src\main\AndroidManifest.xml:47:13-49
	android:label
		ADDED from src\main\AndroidManifest.xml:46:13-62
	android:name
		ADDED from src\main\AndroidManifest.xml:45:19-70
activity#br.com.diaristaslimpo.limpo.activity.DadosPessoaisActivity
ADDED from src\main\AndroidManifest.xml:49:9-52:15
	android:screenOrientation
		ADDED from src\main\AndroidManifest.xml:51:13-49
	android:label
		ADDED from src\main\AndroidManifest.xml:50:13-29
	android:name
		ADDED from src\main\AndroidManifest.xml:49:19-65
activity#br.com.diaristaslimpo.limpo.activity.InicialActivity
ADDED from src\main\AndroidManifest.xml:53:9-58:15
	android:screenOrientation
		ADDED from src\main\AndroidManifest.xml:57:13-49
	android:label
		ADDED from src\main\AndroidManifest.xml:55:13-35
	android:theme
		ADDED from src\main\AndroidManifest.xml:56:13-56
	android:name
		ADDED from src\main\AndroidManifest.xml:54:13-53
activity#br.com.diaristaslimpo.limpo.activity.FormularioDiaristaActivity
ADDED from src\main\AndroidManifest.xml:59:9-62:15
	android:screenOrientation
		ADDED from src\main\AndroidManifest.xml:61:13-49
	android:label
		ADDED from src\main\AndroidManifest.xml:60:13-39
	android:name
		ADDED from src\main\AndroidManifest.xml:59:19-70
activity#br.com.diaristaslimpo.limpo.activity.CadastroEnderecoActivity
ADDED from src\main\AndroidManifest.xml:63:9-66:15
	android:screenOrientation
		ADDED from src\main\AndroidManifest.xml:65:13-49
	android:label
		ADDED from src\main\AndroidManifest.xml:64:13-29
	android:name
		ADDED from src\main\AndroidManifest.xml:63:19-68
activity#br.com.diaristaslimpo.limpo.activity.HistoricoActivity
ADDED from src\main\AndroidManifest.xml:67:9-70:15
	android:screenOrientation
		ADDED from src\main\AndroidManifest.xml:69:13-49
	android:label
		ADDED from src\main\AndroidManifest.xml:68:13-38
	android:name
		ADDED from src\main\AndroidManifest.xml:67:19-61
activity#br.com.diaristaslimpo.limpo.activity.DetalheHistoricoActivity
ADDED from src\main\AndroidManifest.xml:71:9-74:15
	android:screenOrientation
		ADDED from src\main\AndroidManifest.xml:73:13-49
	android:label
		ADDED from src\main\AndroidManifest.xml:72:13-29
	android:name
		ADDED from src\main\AndroidManifest.xml:71:19-68
activity#br.com.diaristaslimpo.limpo.activity.MeusEnderecosActivity
ADDED from src\main\AndroidManifest.xml:75:9-78:15
	android:screenOrientation
		ADDED from src\main\AndroidManifest.xml:77:13-49
	android:label
		ADDED from src\main\AndroidManifest.xml:76:13-29
	android:name
		ADDED from src\main\AndroidManifest.xml:75:19-65
activity#br.com.diaristaslimpo.limpo.activity.ProximasDiariasActivity
ADDED from src\main\AndroidManifest.xml:79:9-82:15
	android:screenOrientation
		ADDED from src\main\AndroidManifest.xml:81:13-49
	android:label
		ADDED from src\main\AndroidManifest.xml:80:13-45
	android:name
		ADDED from src\main\AndroidManifest.xml:79:19-67
activity#br.com.diaristaslimpo.limpo.activity.AvaliacaoActivity
ADDED from src\main\AndroidManifest.xml:83:9-86:15
	android:screenOrientation
		ADDED from src\main\AndroidManifest.xml:85:13-49
	android:label
		ADDED from src\main\AndroidManifest.xml:84:13-29
	android:name
		ADDED from src\main\AndroidManifest.xml:83:19-61
activity#br.com.diaristaslimpo.limpo.activity.DetalheProximaDiariaActivity
ADDED from src\main\AndroidManifest.xml:87:9-90:15
	android:screenOrientation
		ADDED from src\main\AndroidManifest.xml:89:13-49
	android:label
		ADDED from src\main\AndroidManifest.xml:88:13-58
	android:name
		ADDED from src\main\AndroidManifest.xml:87:19-72
activity#br.com.diaristaslimpo.limpo.activity.ConfiguracaoActivity
ADDED from src\main\AndroidManifest.xml:91:9-94:15
	android:screenOrientation
		ADDED from src\main\AndroidManifest.xml:93:13-49
	android:label
		ADDED from src\main\AndroidManifest.xml:92:13-41
	android:name
		ADDED from src\main\AndroidManifest.xml:91:19-64
activity#br.com.diaristaslimpo.limpo.activity.ListaHistoricoActivity
ADDED from src\main\AndroidManifest.xml:95:9-96:40
	android:label
		ADDED from src\main\AndroidManifest.xml:96:13-38
	android:name
		ADDED from src\main\AndroidManifest.xml:95:19-66
meta-data#com.google.android.gms.version
ADDED from src\main\AndroidManifest.xml:101:9-103:69
MERGED from [com.google.android.gms:play-services-basement:8.1.0] AndroidManifest.xml:21:9-23:69
	android:value
		ADDED from src\main\AndroidManifest.xml:103:13-66
	android:name
		ADDED from src\main\AndroidManifest.xml:102:13-58
uses-sdk
INJECTED from src\main\AndroidManifest.xml reason: use-sdk injection requested
MERGED from [com.android.support:appcompat-v7:23.1.1] AndroidManifest.xml:20:5-43
MERGED from [com.android.support:support-v4:23.1.1] AndroidManifest.xml:20:5-43
MERGED from [com.android.support:design:23.1.1] AndroidManifest.xml:20:5-43
MERGED from [com.android.support:appcompat-v7:23.1.1] AndroidManifest.xml:20:5-43
MERGED from [com.android.support:support-v4:23.1.1] AndroidManifest.xml:20:5-43
MERGED from [com.android.support:recyclerview-v7:23.1.1] AndroidManifest.xml:20:5-43
MERGED from [com.android.support:support-v4:23.1.1] AndroidManifest.xml:20:5-43
MERGED from [com.android.support:support-v4:23.1.1] AndroidManifest.xml:20:5-43
MERGED from [com.google.android.gms:play-services-appindexing:8.1.0] AndroidManifest.xml:18:5-42
MERGED from [com.google.android.gms:play-services-basement:8.1.0] AndroidManifest.xml:18:5-42
MERGED from [com.android.support:support-v4:23.1.1] AndroidManifest.xml:20:5-43
	android:targetSdkVersion
		INJECTED from src\main\AndroidManifest.xml
		INJECTED from src\main\AndroidManifest.xml
	android:minSdkVersion
		INJECTED from src\main\AndroidManifest.xml
		INJECTED from src\main\AndroidManifest.xml